<?xml version="1.0" encoding="UTF-8"?>
<!-- Generated by org.testng.reporters.JUnitXMLReporter -->
<testsuite hostname="DESKTOP-1AU25CC" name="Surefire test" tests="6" failures="0" timestamp="1 May 2024 03:06:34 GMT" time="24.642" errors="0">
  <testcase name="testPostuser" time="0.016" classname="api.test.DDTests">
    <skipped/>
  </testcase> <!-- testPostuser -->
  <testcase name="testUsrByName" time="0.001" classname="api.test.DDTests">
    <skipped/>
  </testcase> <!-- testUsrByName -->
  <testcase name="testPostUser" time="8.907" classname="api.test.UserTests"/>
  <testcase name="testGetUserByName" time="2.678" classname="api.test.UserTests"/>
  <testcase name="testUpdateByUserByName" time="7.128" classname="api.test.UserTests"/>
  <testcase name="testDeleteUserByName" time="2.001" classname="api.test.UserTests"/>
</testsuite> <!-- Surefire test -->
