<?xml version="1.0" encoding="UTF-8"?>
<!-- Generated by org.testng.reporters.JUnitXMLReporter -->
<testsuite hostname="DESKTOP-1AU25CC" ignored="0" name="Default test" tests="6" failures="0" timestamp="28 Apr 2024 15:31:39 GMT" time="21.832" errors="0">
  <testcase name="testPostuser" time="7.378" classname="api.test.DDTests"/>
  <testcase name="testPostuser" time="2.622" classname="api.test.DDTests"/>
  <testcase name="testPostuser" time="2.268" classname="api.test.DDTests"/>
  <testcase name="testUsrByName" time="2.297" classname="api.test.DDTests"/>
  <testcase name="testUsrByName" time="2.198" classname="api.test.DDTests"/>
  <testcase name="testUsrByName" time="2.191" classname="api.test.DDTests"/>
</testsuite> <!-- Default test -->
