<?xml version="1.0" encoding="UTF-8"?>
<testng-results skipped="0" failed="0" total="4" passed="4">
  <reporter-output>
  </reporter-output>
  <suite name="PetSuite" duration-ms="17189" started-at="2024-05-01T14:15:49Z" finished-at="2024-05-01T14:16:06Z">
    <groups>
    </groups>
    <test name="PetTest" duration-ms="17189" started-at="2024-05-01T14:15:49Z" finished-at="2024-05-01T14:16:06Z">
      <class name="api.test.UserTests2">
        <test-method status="PASS" signature="setup()[pri:0, instance:api.test.UserTests2@6fd02e5]" name="setup" is-config="true" duration-ms="1337" started-at="2024-05-01T19:45:49Z" finished-at="2024-05-01T19:45:51Z">
          <reporter-output>
          </reporter-output>
        </test-method> <!-- setup -->
        <test-method status="PASS" signature="testPostUser()[pri:0, instance:api.test.UserTests2@6fd02e5]" name="testPostUser" duration-ms="6886" started-at="2024-05-01T19:45:51Z" finished-at="2024-05-01T19:45:58Z">
          <reporter-output>
          </reporter-output>
        </test-method> <!-- testPostUser -->
        <test-method status="PASS" signature="testGetUserByName()[pri:0, instance:api.test.UserTests2@6fd02e5]" name="testGetUserByName" duration-ms="2186" started-at="2024-05-01T19:45:58Z" finished-at="2024-05-01T19:46:00Z">
          <reporter-output>
          </reporter-output>
        </test-method> <!-- testGetUserByName -->
        <test-method status="PASS" signature="testUpdateByUserByName()[pri:0, instance:api.test.UserTests2@6fd02e5]" name="testUpdateByUserByName" duration-ms="4418" started-at="2024-05-01T19:46:00Z" finished-at="2024-05-01T19:46:04Z">
          <reporter-output>
          </reporter-output>
        </test-method> <!-- testUpdateByUserByName -->
        <test-method status="PASS" signature="testDeleteUserByName()[pri:0, instance:api.test.UserTests2@6fd02e5]" name="testDeleteUserByName" duration-ms="1902" started-at="2024-05-01T19:46:04Z" finished-at="2024-05-01T19:46:06Z">
          <reporter-output>
          </reporter-output>
        </test-method> <!-- testDeleteUserByName -->
      </class> <!-- api.test.UserTests2 -->
    </test> <!-- PetTest -->
  </suite> <!-- PetSuite -->
</testng-results>
