<?xml version="1.0" encoding="UTF-8"?>
<testng-results skipped="0" failed="0" total="4" passed="4">
  <reporter-output>
  </reporter-output>
  <suite name="PetSuite" duration-ms="18063" started-at="2024-04-30T08:38:22Z" finished-at="2024-04-30T08:38:40Z">
    <groups>
    </groups>
    <test name="PetTest" duration-ms="18063" started-at="2024-04-30T08:38:22Z" finished-at="2024-04-30T08:38:40Z">
      <class name="api.test.UserTests2">
        <test-method status="PASS" signature="setup()[pri:0, instance:api.test.UserTests2@1bce4f0a]" name="setup" is-config="true" duration-ms="1984" started-at="2024-04-30T14:08:22Z" finished-at="2024-04-30T14:08:24Z">
          <reporter-output>
          </reporter-output>
        </test-method> <!-- setup -->
        <test-method status="PASS" signature="testPostUser()[pri:0, instance:api.test.UserTests2@1bce4f0a]" name="testPostUser" duration-ms="6578" started-at="2024-04-30T14:08:24Z" finished-at="2024-04-30T14:08:31Z">
          <reporter-output>
          </reporter-output>
        </test-method> <!-- testPostUser -->
        <test-method status="PASS" signature="testGetUserByName()[pri:0, instance:api.test.UserTests2@1bce4f0a]" name="testGetUserByName" duration-ms="2223" started-at="2024-04-30T14:08:31Z" finished-at="2024-04-30T14:08:33Z">
          <reporter-output>
          </reporter-output>
        </test-method> <!-- testGetUserByName -->
        <test-method status="PASS" signature="testUpdateByUserByName()[pri:0, instance:api.test.UserTests2@1bce4f0a]" name="testUpdateByUserByName" duration-ms="4342" started-at="2024-04-30T14:08:33Z" finished-at="2024-04-30T14:08:38Z">
          <reporter-output>
          </reporter-output>
        </test-method> <!-- testUpdateByUserByName -->
        <test-method status="PASS" signature="testDeleteUserByName()[pri:0, instance:api.test.UserTests2@1bce4f0a]" name="testDeleteUserByName" duration-ms="2242" started-at="2024-04-30T14:08:38Z" finished-at="2024-04-30T14:08:40Z">
          <reporter-output>
          </reporter-output>
        </test-method> <!-- testDeleteUserByName -->
      </class> <!-- api.test.UserTests2 -->
    </test> <!-- PetTest -->
  </suite> <!-- PetSuite -->
</testng-results>
