<?xml version="1.0" encoding="UTF-8"?>
<!-- Generated by org.testng.reporters.JUnitXMLReporter -->
<testsuite hostname="DESKTOP-1AU25CC" name="PetTest" tests="4" failures="0" timestamp="1 May 2024 14:16:06 GMT" time="17.189" errors="0">
  <testcase name="testPostUser" time="6.886" classname="api.test.UserTests2"/>
  <testcase name="testGetUserByName" time="2.186" classname="api.test.UserTests2"/>
  <testcase name="testUpdateByUserByName" time="4.418" classname="api.test.UserTests2"/>
  <testcase name="testDeleteUserByName" time="1.902" classname="api.test.UserTests2"/>
</testsuite> <!-- PetTest -->
