<?xml version="1.0" encoding="UTF-8"?>
<!-- Generated by org.testng.reporters.JUnitXMLReporter -->
<testsuite hostname="DESKTOP-1AU25CC" name="PetTest" tests="4" failures="0" timestamp="30 Apr 2024 08:38:40 GMT" time="18.063" errors="0">
  <testcase name="testPostUser" time="6.578" classname="api.test.UserTests2"/>
  <testcase name="testGetUserByName" time="2.223" classname="api.test.UserTests2"/>
  <testcase name="testUpdateByUserByName" time="4.342" classname="api.test.UserTests2"/>
  <testcase name="testDeleteUserByName" time="2.242" classname="api.test.UserTests2"/>
</testsuite> <!-- PetTest -->
